<?xml version="1.0" encoding="UTF-8"?>
<!-- Generated by org.testng.reporters.JUnitXMLReporter -->
<testsuite hostname="LAPTOP-7G8T14EK" ignored="0" name="Default test" tests="14" failures="0" timestamp="05 Jan 2021 08:40:40 GMT" time="0.653" errors="0">
  <testcase name="test" time="0.02" classname="excel2.HashMapLearning"/>
  <testcase name="test" time="0.001" classname="excel2.HashMapLearning"/>
  <testcase name="test" time="0.001" classname="excel2.HashMapLearning"/>
  <testcase name="test" time="0.003" classname="excel2.HashMapLearning"/>
  <testcase name="test" time="0.001" classname="excel2.HashMapLearning"/>
  <testcase name="test" time="0.0" classname="excel2.HashMapLearning"/>
  <testcase name="test" time="0.001" classname="excel2.HashMapLearning"/>
  <testcase name="test" time="0.0" classname="excel2.HashMapLearning"/>
  <testcase name="test" time="0.0" classname="excel2.HashMapLearning"/>
  <testcase name="test" time="0.001" classname="excel2.HashMapLearning"/>
  <testcase name="test" time="0.0" classname="excel2.HashMapLearning"/>
  <testcase name="test" time="0.001" classname="excel2.HashMapLearning"/>
  <testcase name="test" time="0.0" classname="excel2.HashMapLearning"/>
  <testcase name="test" time="0.001" classname="excel2.HashMapLearning"/>
</testsuite> <!-- Default test -->
